
> pbc@0.1.0 dev
> next dev -H localhost

   ▲ Next.js 15.5.5
   - Local:        http://localhost:3000
   - Network:      http://localhost:3000
   - Environments: .env.local
   - Experiments (use with caution):
     · serverActions

 ✓ Starting...
 ✓ Ready in 2.7s
 ○ Compiling / ...
 ✓ Compiled / in 3.4s (859 modules)
 GET / 200 in 4072ms
 GET / 200 in 121ms
 GET / 200 in 414ms
 GET / 200 in 104ms
 GET / 200 in 215ms
 GET / 200 in 427ms
 GET / 200 in 213ms
 ⨯ upstream image response failed for https://czbffjnslwauemngpayh.supabase.co/storage/v1/object/public/public-media/air.jpg 400
[Error: "url" parameter is valid but upstream response is invalid] {
  statusCode: 400
}
 ○ Compiling /welcome ...
 ✓ Compiled /welcome in 1193ms (866 modules)
 GET /welcome 200 in 1586ms
 GET /welcome 200 in 88ms
 GET /welcome 200 in 119ms
 ○ Compiling /about/pastor ...
 ✓ Compiled /about/pastor in 5.2s (1642 modules)
 GET /about/pastor 200 in 5494ms
 GET /about/pastor 200 in 87ms
 GET /about/pastor 200 in 117ms
 GET /about/pastor 200 in 96ms
 GET /about/pastor 200 in 102ms
 GET /about/pastor 200 in 115ms
 GET /about/pastor 200 in 90ms
 ○ Compiling /about ...
 ✓ Compiled /about in 989ms (1649 modules)
 GET /about 200 in 1162ms
 ○ Compiling /about/location ...
 ✓ Compiled /about/location in 1177ms (1656 modules)
 GET /about/location 200 in 1360ms
 ○ Compiling /news/bulletin ...
 ✓ Compiled /news/bulletin in 868ms (1663 modules)
 GET /news/bulletin 200 in 1032ms
 ⨯ upstream image response failed for https://czbffjnslwauemngpayh.supabase.co/storage/v1/object/public/public-media/air.jpg 400
[Error: "url" parameter is valid but upstream response is invalid] {
  statusCode: 400
}
 ⨯ upstream image response failed for https://czbffjnslwauemngpayh.supabase.co/storage/v1/object/public/public-media/air.jpg 400
 GET / 200 in 742ms
 ⨯ upstream image response failed for https://czbffjnslwauemngpayh.supabase.co/storage/v1/object/public/public-media/air.jpg 400
 GET / 200 in 157ms
 ⨯ upstream image response failed for https://czbffjnslwauemngpayh.supabase.co/storage/v1/object/public/public-media/air.jpg 400
[Error: "url" parameter is valid but upstream response is invalid] {
  statusCode: 400
}
 GET / 200 in 172ms
 GET / 200 in 139ms
 GET / 200 in 47ms
 ○ Compiling /nurture/newcomer ...
 ✓ Compiled /nurture/newcomer in 1416ms (1258 modules)
 GET /nurture/newcomer 200 in 1772ms
 GET / 200 in 57ms
 GET / 200 in 440ms
 GET / 200 in 518ms
 ✓ Compiled in 1000ms (1272 modules)
 GET / 200 in 152ms
 ✓ Compiled in 584ms (1272 modules)
 GET / 200 in 117ms
 ✓ Compiled in 398ms (1272 modules)
 GET / 200 in 98ms
 ✓ Compiled in 377ms (1272 modules)
 GET / 200 in 133ms
 ✓ Compiled in 534ms (1272 modules)
 GET / 200 in 129ms
 GET / 200 in 434ms
 ✓ Compiled in 647ms (1272 modules)
 GET / 200 in 138ms
 ✓ Compiled in 380ms (1272 modules)
 GET / 200 in 128ms
 GET / 200 in 985ms
 ○ Compiling /about/pastor ...
 ✓ Compiled /about/pastor in 2.1s (919 modules)
 GET /about/pastor 200 in 2469ms
 ○ Compiling /education/highschool ...
 ✓ Compiled /education/highschool in 1784ms (1662 modules)
 GET /education/highschool 200 in 2091ms
 GET / 200 in 93ms
 ⨯ upstream image response timed out for https://czbffjnslwauemngpayh.supabase.co/storage/v1/object/public/public-media/1.jpg
 GET / 200 in 340ms
 ⨯ upstream image response timed out for https://czbffjnslwauemngpayh.supabase.co/storage/v1/object/public/public-media/1.jpg
 ○ Compiling /mission/domestic ...
 ✓ Compiled /mission/domestic in 1119ms (1671 modules)
 GET /mission/domestic 200 in 1378ms
 GET / 200 in 98ms
 GET / 200 in 302ms
 GET / 200 in 243ms
 ✓ Compiled in 3.5s (1680 modules)
 GET / 200 in 385ms
 ✓ Compiled in 951ms (1680 modules)
 GET / 200 in 282ms
 ✓ Compiled in 882ms (1680 modules)
 GET / 200 in 207ms
 GET / 200 in 256ms
 ✓ Compiled in 723ms (1680 modules)
 GET / 200 in 118ms
 GET / 200 in 255ms
 ✓ Compiled in 2.7s (1680 modules)
 GET / 200 in 409ms
 GET / 200 in 293ms
 ✓ Compiled in 803ms (1680 modules)
 GET / 200 in 202ms
 GET / 200 in 499ms
 ✓ Compiled in 1483ms (1680 modules)
 GET / 200 in 357ms
 GET / 200 in 392ms
 ✓ Compiled in 2.4s (1680 modules)
 GET / 200 in 327ms
 GET / 200 in 521ms
 ✓ Compiled in 2.2s (1680 modules)
 GET / 200 in 396ms
 GET / 200 in 423ms
 GET / 200 in 123ms
 GET / 200 in 206ms
 ○ Compiling /about ...
 ✓ Compiled /about in 1325ms (930 modules)
 GET /about 200 in 1502ms
 GET /about/pastor 200 in 58ms
 GET /about/pastor 200 in 426ms
 GET / 200 in 71ms
 GET /about/pastor 200 in 52ms
 ✓ Compiled in 1477ms (1680 modules)
 GET /about/pastor 200 in 808ms
 GET /about/pastor 200 in 1223ms
 ✓ Compiled in 706ms (1680 modules)
 GET /about/pastor 200 in 222ms
 GET /about/pastor 200 in 212ms
 ✓ Compiled in 1917ms (1680 modules)
 GET /about/pastor 200 in 282ms
 GET /about/pastor 200 in 307ms
 ✓ Compiled in 771ms (1680 modules)
 GET /about/pastor 200 in 241ms
 ✓ Compiled in 2s (1680 modules)
 GET /about/pastor 200 in 176ms
 GET /about/pastor 200 in 285ms
 ✓ Compiled in 924ms (1680 modules)
 GET /about/pastor 200 in 124ms
 GET /about/pastor 200 in 193ms
 ✓ Compiled in 785ms (1680 modules)
 GET /about/pastor 200 in 104ms
 ✓ Compiled in 1079ms (1680 modules)
 GET /about/pastor 200 in 90ms
 GET /about/pastor 200 in 172ms
 GET /about/pastor 200 in 106ms
 ✓ Compiled in 965ms (1680 modules)
 GET /about/pastor 200 in 97ms
 GET /about/pastor 200 in 183ms
 ✓ Compiled in 2.2s (1680 modules)
 GET /about/pastor 200 in 139ms
 GET /about/pastor 200 in 379ms
 ✓ Compiled in 713ms (1680 modules)
 GET /about/pastor 200 in 88ms
 ✓ Compiled in 1105ms (1680 modules)
 GET /about/pastor 200 in 89ms
 ✓ Compiled in 1460ms (1680 modules)
 GET /about/pastor 200 in 94ms
 ✓ Compiled in 729ms (1680 modules)
 GET /about/pastor 200 in 168ms
 ✓ Compiled in 615ms (1680 modules)
 GET /about/pastor 200 in 197ms
 GET /about/pastor 200 in 185ms
 ✓ Compiled in 836ms (1680 modules)
 GET /about/pastor 200 in 147ms
 ✓ Compiled in 779ms (1680 modules)
 GET /about/pastor 200 in 106ms
 ✓ Compiled in 576ms (1680 modules)
 GET /about/pastor 200 in 101ms
 GET /about/pastor 200 in 183ms
 ✓ Compiled in 735ms (1680 modules)
 GET /about/pastor 200 in 176ms
 GET /about/pastor 200 in 173ms
 ✓ Compiled in 1080ms (1680 modules)
 GET /about/pastor 200 in 446ms
 GET /about/pastor 200 in 436ms
 ✓ Compiled in 1310ms (1680 modules)
 GET /about/pastor 200 in 405ms
 ✓ Compiled in 1026ms (1680 modules)
 GET /about/pastor 200 in 110ms
 ✓ Compiled in 784ms (1680 modules)
 GET /about/pastor 200 in 187ms
 GET /about/pastor 200 in 182ms
 ✓ Compiled in 828ms (1680 modules)
 GET /about/pastor 200 in 132ms
 ✓ Compiled in 989ms (1680 modules)
 GET /about/pastor 200 in 426ms
 GET /about/pastor 200 in 180ms
 ✓ Compiled in 477ms (1680 modules)
 GET /about/pastor 200 in 66ms
 GET /about/pastor 200 in 210ms
 ✓ Compiled in 912ms (1680 modules)
 GET /about/pastor 200 in 251ms
 ✓ Compiled in 725ms (1680 modules)
 GET /about/pastor 200 in 92ms
 ✓ Compiled in 847ms (1680 modules)
 GET /about/pastor 200 in 223ms
 ✓ Compiled in 953ms (1680 modules)
 GET /about/pastor 200 in 234ms
 ✓ Compiled in 611ms (1680 modules)
 GET /about/pastor 200 in 79ms
 GET /about/pastor 200 in 238ms
 GET /about/pastor 200 in 112ms
 ✓ Compiled in 2.3s (1680 modules)
 GET /about/pastor 200 in 192ms
 ✓ Compiled in 815ms (1680 modules)
 GET /about/pastor 200 in 244ms
 ✓ Compiled in 785ms (1680 modules)
 GET /about/pastor 200 in 100ms
 GET /about/pastor 200 in 285ms
 ✓ Compiled in 3.1s (1680 modules)
 GET /about/pastor 200 in 210ms
 ✓ Compiled in 1047ms (1680 modules)
 GET /about/pastor 200 in 270ms
 GET /about/pastor 200 in 262ms
 ✓ Compiled in 957ms (1680 modules)
 GET /about/pastor 200 in 209ms
 ✓ Compiled in 1068ms (1680 modules)
 GET /about/pastor 200 in 258ms
 GET / 200 in 81ms
 ○ Compiling /welcome ...
 ✓ Compiled /welcome in 3.2s (1685 modules)
 GET /welcome 200 in 3583ms
 GET /welcome 200 in 107ms
 GET /welcome 200 in 87ms
 GET / 200 in 67ms
 GET /about/pastor 200 in 78ms
